c:\projects\ait.materials\advanced_game_engine_programming\projects\feature_complete\x64\debug\vc142.pdb
c:\projects\ait.materials\advanced_game_engine_programming\projects\feature_complete\x64\debug\vc142.idb
c:\projects\ait.materials\advanced_game_engine_programming\projects\feature_complete\x64\debug\triangle_mesh.obj
c:\projects\ait.materials\advanced_game_engine_programming\projects\feature_complete\x64\debug\texture.obj
c:\projects\ait.materials\advanced_game_engine_programming\projects\feature_complete\x64\debug\shader_program.obj
c:\projects\ait.materials\advanced_game_engine_programming\projects\feature_complete\x64\debug\shader.obj
c:\projects\ait.materials\advanced_game_engine_programming\projects\feature_complete\x64\debug\scene.obj
c:\projects\ait.materials\advanced_game_engine_programming\projects\feature_complete\x64\debug\quad_mesh.obj
c:\projects\ait.materials\advanced_game_engine_programming\projects\feature_complete\x64\debug\mesh.obj
c:\projects\ait.materials\advanced_game_engine_programming\projects\feature_complete\x64\debug\input.obj
c:\projects\ait.materials\advanced_game_engine_programming\projects\feature_complete\x64\debug\game_scene.obj
c:\projects\ait.materials\advanced_game_engine_programming\projects\feature_complete\x64\debug\game_object.obj
c:\projects\ait.materials\advanced_game_engine_programming\projects\feature_complete\x64\debug\engine.obj
c:\projects\ait.materials\advanced_game_engine_programming\projects\feature_complete\x64\debug\editor.obj
c:\projects\ait.materials\advanced_game_engine_programming\projects\feature_complete\x64\debug\assets.obj
c:\projects\ait.materials\advanced_game_engine_programming\projects\feature_complete\x64\debug\asset.obj
c:\projects\ait.materials\advanced_game_engine_programming\projects\feature_complete\x64\debug\main.obj
c:\projects\ait.materials\advanced_game_engine_programming\projects\feature_complete\x64\debug\colored_shader_program.obj
c:\projects\ait.materials\advanced_game_engine_programming\projects\feature_complete\x64\debug\lsd.obj
c:\projects\ait.materials\advanced_game_engine_programming\projects\feature_complete\x64\debug\background.obj
c:\projects\ait.materials\advanced_game_engine_programming\projects\feature_complete\x64\debug\airplane.obj
c:\projects\ait.materials\advanced_game_engine_programming\projects\feature_complete\x64\debug\masked_textured_shader_program.obj
c:\projects\ait.materials\advanced_game_engine_programming\projects\feature_complete\x64\debug\cube_mesh.obj
c:\projects\ait.materials\advanced_game_engine_programming\projects\feature_complete\x64\debug\crate.obj
c:\projects\ait.materials\advanced_game_engine_programming\projects\feature_complete\x64\debug\masked_textured_2d_shader_program.obj
c:\projects\ait.materials\advanced_game_engine_programming\projects\feature_complete\x64\debug\colored_2d_shader_program.obj
c:\projects\ait.materials\advanced_game_engine_programming\projects\feature_complete\x64\debug\textured_2d_shader_program.obj
c:\projects\ait.materials\advanced_game_engine_programming\projects\feature_complete\x64\debug\colored_3d_shader_program.obj
c:\projects\ait.materials\advanced_game_engine_programming\projects\feature_complete\x64\debug\feature_complete.exe
c:\projects\ait.materials\advanced_game_engine_programming\projects\feature_complete\x64\debug\feature_complete.ilk
c:\projects\ait.materials\advanced_game_engine_programming\projects\feature_complete\x64\debug\feature_complete.pdb
c:\projects\ait.materials\advanced_game_engine_programming\projects\feature_complete\x64\debug\textured_shader_program.obj
c:\projects\ait.materials\advanced_game_engine_programming\projects\feature_complete\x64\debug\feature_complete.tlog\cl.command.1.tlog
c:\projects\ait.materials\advanced_game_engine_programming\projects\feature_complete\x64\debug\feature_complete.tlog\cl.read.1.tlog
c:\projects\ait.materials\advanced_game_engine_programming\projects\feature_complete\x64\debug\feature_complete.tlog\cl.write.1.tlog
c:\projects\ait.materials\advanced_game_engine_programming\projects\feature_complete\x64\debug\feature_complete.tlog\link.command.1.tlog
c:\projects\ait.materials\advanced_game_engine_programming\projects\feature_complete\x64\debug\feature_complete.tlog\link.read.1.tlog
c:\projects\ait.materials\advanced_game_engine_programming\projects\feature_complete\x64\debug\feature_complete.tlog\link.write.1.tlog
